# JRE version: Java(TM) SE Runtime Environment (8.0_60-b27) (build 1.8.0_60-b27)
# Java VM: Java HotSpot(TM) 64-Bit Server VM (25.60-b23 mixed mode windows-amd64 compressed oops)
Heap:
 PSYoungGen      total 152064K, used 122054K [0x00000000eab00000, 0x00000000f5e80000, 0x0000000100000000)
  eden space 125952K, 91% used [0x00000000eab00000,0x00000000f1b41c10,0x00000000f2600000)
  from space 26112K, 27% used [0x00000000f3e00000,0x00000000f44efdd0,0x00000000f5780000)
  to   space 24576K, 0% used [0x00000000f2600000,0x00000000f2600000,0x00000000f3e00000)
 ParOldGen       total 71168K, used 47133K [0x00000000c0000000, 0x00000000c4580000, 0x00000000eab00000)
  object space 71168K, 66% used [0x00000000c0000000,0x00000000c2e074b0,0x00000000c4580000)
 Metaspace       used 52311K, capacity 55024K, committed 55296K, reserved 1095680K
  class space    used 7171K, capacity 8108K, committed 8192K, reserved 1048576K
GC Heap History (10 events):
Event: 12.864 GC heap before
{Heap before GC invocations=19 (full 2):
 PSYoungGen      total 119296K, used 107008K [0x00000000eab00000, 0x00000000f3780000, 0x0000000100000000)
  eden space 107008K, 100% used [0x00000000eab00000,0x00000000f1380000,0x00000000f1380000)
  from space 12288K, 0% used [0x00000000f2180000,0x00000000f2180000,0x00000000f2d80000)
  to   space 14336K, 0% used [0x00000000f1380000,0x00000000f1380000,0x00000000f2180000)
 ParOldGen       total 71168K, used 25798K [0x00000000c0000000, 0x00000000c4580000, 0x00000000eab00000)
  object space 71168K, 36% used [0x00000000c0000000,0x00000000c1931ab0,0x00000000c4580000)
 Metaspace       used 38564K, capacity 39856K, committed 40064K, reserved 1083392K
  class space    used 5186K, capacity 5641K, committed 5760K, reserved 1048576K
Event: 12.897 GC heap after
Heap after GC invocations=19 (full 2):
 PSYoungGen      total 121344K, used 13987K [0x00000000eab00000, 0x00000000f4500000, 0x0000000100000000)
  eden space 107008K, 0% used [0x00000000eab00000,0x00000000eab00000,0x00000000f1380000)
  from space 14336K, 97% used [0x00000000f1380000,0x00000000f2128fa8,0x00000000f2180000)
  to   space 16896K, 0% used [0x00000000f3480000,0x00000000f3480000,0x00000000f4500000)
 ParOldGen       total 71168K, used 25806K [0x00000000c0000000, 0x00000000c4580000, 0x00000000eab00000)
  object space 71168K, 36% used [0x00000000c0000000,0x00000000c1933ab0,0x00000000c4580000)
 Metaspace       used 38564K, capacity 39856K, committed 40064K, reserved 1083392K
  class space    used 5186K, capacity 5641K, committed 5760K, reserved 1048576K
}
Event: 14.344 GC heap before
{Heap before GC invocations=20 (full 2):
 PSYoungGen      total 121344K, used 120995K [0x00000000eab00000, 0x00000000f4500000, 0x0000000100000000)
  eden space 107008K, 100% used [0x00000000eab00000,0x00000000f1380000,0x00000000f1380000)
  from space 14336K, 97% used [0x00000000f1380000,0x00000000f2128fa8,0x00000000f2180000)
  to   space 16896K, 0% used [0x00000000f3480000,0x00000000f3480000,0x00000000f4500000)
 ParOldGen       total 71168K, used 25806K [0x00000000c0000000, 0x00000000c4580000, 0x00000000eab00000)
  object space 71168K, 36% used [0x00000000c0000000,0x00000000c1933ab0,0x00000000c4580000)
 Metaspace       used 41749K, capacity 43244K, committed 43520K, reserved 1087488K
  class space    used 5721K, capacity 6330K, committed 6400K, reserved 1048576K
Event: 14.384 GC heap after
Heap after GC invocations=20 (full 2):
 PSYoungGen      total 135680K, used 16896K [0x00000000eab00000, 0x00000000f4f80000, 0x0000000100000000)
  eden space 118784K, 0% used [0x00000000eab00000,0x00000000eab00000,0x00000000f1f00000)
  from space 16896K, 100% used [0x00000000f3480000,0x00000000f4500000,0x00000000f4500000)
  to   space 22016K, 0% used [0x00000000f1f00000,0x00000000f1f00000,0x00000000f3480000)
 ParOldGen       total 71168K, used 32943K [0x00000000c0000000, 0x00000000c4580000, 0x00000000eab00000)
  object space 71168K, 46% used [0x00000000c0000000,0x00000000c202bc50,0x00000000c4580000)
 Metaspace       used 41749K, capacity 43244K, committed 43520K, reserved 1087488K
  class space    used 5721K, capacity 6330K, committed 6400K, reserved 1048576K
}
Event: 15.499 GC heap before
{Heap before GC invocations=21 (full 2):
 PSYoungGen      total 135680K, used 71851K [0x00000000eab00000, 0x00000000f4f80000, 0x0000000100000000)
  eden space 118784K, 46% used [0x00000000eab00000,0x00000000ee0aae50,0x00000000f1f00000)
  from space 16896K, 100% used [0x00000000f3480000,0x00000000f4500000,0x00000000f4500000)
  to   space 22016K, 0% used [0x00000000f1f00000,0x00000000f1f00000,0x00000000f3480000)
 ParOldGen       total 71168K, used 32943K [0x00000000c0000000, 0x00000000c4580000, 0x00000000eab00000)
  object space 71168K, 46% used [0x00000000c0000000,0x00000000c202bc50,0x00000000c4580000)
 Metaspace       used 43764K, capacity 45740K, committed 45824K, reserved 1087488K
  class space    used 6050K, capacity 6828K, committed 6912K, reserved 1048576K
Event: 15.549 GC heap after
Heap after GC invocations=21 (full 2):
 PSYoungGen      total 140800K, used 22014K [0x00000000eab00000, 0x00000000f5780000, 0x0000000100000000)
  eden space 118784K, 0% used [0x00000000eab00000,0x00000000eab00000,0x00000000f1f00000)
  from space 22016K, 99% used [0x00000000f1f00000,0x00000000f347f968,0x00000000f3480000)
  to   space 26112K, 0% used [0x00000000f3e00000,0x00000000f3e00000,0x00000000f5780000)
 ParOldGen       total 71168K, used 33022K [0x00000000c0000000, 0x00000000c4580000, 0x00000000eab00000)
  object space 71168K, 46% used [0x00000000c0000000,0x00000000c203fbf8,0x00000000c4580000)
 Metaspace       used 43764K, capacity 45740K, committed 45824K, reserved 1087488K
  class space    used 6050K, capacity 6828K, committed 6912K, reserved 1048576K
}
Event: 15.550 GC heap before
{Heap before GC invocations=22 (full 3):
 PSYoungGen      total 140800K, used 22014K [0x00000000eab00000, 0x00000000f5780000, 0x0000000100000000)
  eden space 118784K, 0% used [0x00000000eab00000,0x00000000eab00000,0x00000000f1f00000)
  from space 22016K, 99% used [0x00000000f1f00000,0x00000000f347f968,0x00000000f3480000)
  to   space 26112K, 0% used [0x00000000f3e00000,0x00000000f3e00000,0x00000000f5780000)
 ParOldGen       total 71168K, used 33022K [0x00000000c0000000, 0x00000000c4580000, 0x00000000eab00000)
  object space 71168K, 46% used [0x00000000c0000000,0x00000000c203fbf8,0x00000000c4580000)
 Metaspace       used 43764K, capacity 45740K, committed 45824K, reserved 1087488K
  class space    used 6050K, capacity 6828K, committed 6912K, reserved 1048576K
Event: 15.908 GC heap after
Heap after GC invocations=22 (full 3):
 PSYoungGen      total 140800K, used 0K [0x00000000eab00000, 0x00000000f5780000, 0x0000000100000000)
  eden space 118784K, 0% used [0x00000000eab00000,0x00000000eab00000,0x00000000f1f00000)
  from space 22016K, 0% used [0x00000000f1f00000,0x00000000f1f00000,0x00000000f3480000)
  to   space 26112K, 0% used [0x00000000f3e00000,0x00000000f3e00000,0x00000000f5780000)
 ParOldGen       total 71168K, used 47125K [0x00000000c0000000, 0x00000000c4580000, 0x00000000eab00000)
  object space 71168K, 66% used [0x00000000c0000000,0x00000000c2e054b0,0x00000000c4580000)
 Metaspace       used 43764K, capacity 45740K, committed 45824K, reserved 1087488K
  class space    used 6050K, capacity 6828K, committed 6912K, reserved 1048576K
}
Event: 24.754 GC heap before
{Heap before GC invocations=23 (full 3):
 PSYoungGen      total 140800K, used 118784K [0x00000000eab00000, 0x00000000f5780000, 0x0000000100000000)
  eden space 118784K, 100% used [0x00000000eab00000,0x00000000f1f00000,0x00000000f1f00000)
  from space 22016K, 0% used [0x00000000f1f00000,0x00000000f1f00000,0x00000000f3480000)
  to   space 26112K, 0% used [0x00000000f3e00000,0x00000000f3e00000,0x00000000f5780000)
 ParOldGen       total 71168K, used 47125K [0x00000000c0000000, 0x00000000c4580000, 0x00000000eab00000)
  object space 71168K, 66% used [0x00000000c0000000,0x00000000c2e054b0,0x00000000c4580000)
 Metaspace       used 46058K, capacity 48396K, committed 48512K, reserved 1091584K
  class space    used 6379K, capacity 7230K, committed 7296K, reserved 1048576K
Event: 24.763 GC heap after
Heap after GC invocations=23 (full 3):
 PSYoungGen      total 152064K, used 7103K [0x00000000eab00000, 0x00000000f5e80000, 0x0000000100000000)
  eden space 125952K, 0% used [0x00000000eab00000,0x00000000eab00000,0x00000000f2600000)
  from space 26112K, 27% used [0x00000000f3e00000,0x00000000f44efdd0,0x00000000f5780000)
  to   space 24576K, 0% used [0x00000000f2600000,0x00000000f2600000,0x00000000f3e00000)
 ParOldGen       total 71168K, used 47133K [0x00000000c0000000, 0x00000000c4580000, 0x00000000eab00000)
  object space 71168K, 66% used [0x00000000c0000000,0x00000000c2e074b0,0x00000000c4580000)
 Metaspace       used 46058K, capacity 48396K, committed 48512K, reserved 1091584K
  class space    used 6379K, capacity 7230K, committed 7296K, reserved 1048576K
}

