# JRE version: Java(TM) SE Runtime Environment (8.0_60-b27) (build 1.8.0_60-b27)
# Java VM: Java HotSpot(TM) 64-Bit Server VM (25.60-b23 mixed mode windows-amd64 compressed oops)
Heap:
 PSYoungGen      total 74752K, used 30833K [0x00000000eab00000, 0x00000000f0880000, 0x0000000100000000)
  eden space 68096K, 44% used [0x00000000eab00000,0x00000000ec8906a8,0x00000000eed80000)
  from space 6656K, 8% used [0x00000000ef480000,0x00000000ef50c010,0x00000000efb00000)
  to   space 7168K, 0% used [0x00000000eed80000,0x00000000eed80000,0x00000000ef480000)
 ParOldGen       total 36864K, used 10715K [0x00000000c0000000, 0x00000000c2400000, 0x00000000eab00000)
  object space 36864K, 29% used [0x00000000c0000000,0x00000000c0a76ef0,0x00000000c2400000)
 Metaspace       used 22359K, capacity 22916K, committed 23168K, reserved 1069056K
  class space    used 2944K, capacity 3147K, committed 3200K, reserved 1048576K
GC Heap History (10 events):
Event: 5.672 GC heap before
{Heap before GC invocations=7 (full 0):
 PSYoungGen      total 38400K, used 23729K [0x00000000eab00000, 0x00000000ed700000, 0x0000000100000000)
  eden space 32768K, 58% used [0x00000000eab00000,0x00000000ebdb3de8,0x00000000ecb00000)
  from space 5632K, 81% used [0x00000000ed180000,0x00000000ed5f88c0,0x00000000ed700000)
  to   space 6144K, 0% used [0x00000000ecb00000,0x00000000ecb00000,0x00000000ed100000)
 ParOldGen       total 44032K, used 8790K [0x00000000c0000000, 0x00000000c2b00000, 0x00000000eab00000)
  object space 44032K, 19% used [0x00000000c0000000,0x00000000c08958c0,0x00000000c2b00000)
 Metaspace       used 20719K, capacity 21214K, committed 21296K, reserved 1067008K
  class space    used 2768K, capacity 2922K, committed 2944K, reserved 1048576K
Event: 5.681 GC heap after
Heap after GC invocations=7 (full 0):
 PSYoungGen      total 38912K, used 4671K [0x00000000eab00000, 0x00000000ef700000, 0x0000000100000000)
  eden space 32768K, 0% used [0x00000000eab00000,0x00000000eab00000,0x00000000ecb00000)
  from space 6144K, 76% used [0x00000000ecb00000,0x00000000ecf8fef0,0x00000000ed100000)
  to   space 6144K, 0% used [0x00000000ef100000,0x00000000ef100000,0x00000000ef700000)
 ParOldGen       total 44032K, used 9818K [0x00000000c0000000, 0x00000000c2b00000, 0x00000000eab00000)
  object space 44032K, 22% used [0x00000000c0000000,0x00000000c0996980,0x00000000c2b00000)
 Metaspace       used 20719K, capacity 21214K, committed 21296K, reserved 1067008K
  class space    used 2768K, capacity 2922K, committed 2944K, reserved 1048576K
}
Event: 5.681 GC heap before
{Heap before GC invocations=8 (full 1):
 PSYoungGen      total 38912K, used 4671K [0x00000000eab00000, 0x00000000ef700000, 0x0000000100000000)
  eden space 32768K, 0% used [0x00000000eab00000,0x00000000eab00000,0x00000000ecb00000)
  from space 6144K, 76% used [0x00000000ecb00000,0x00000000ecf8fef0,0x00000000ed100000)
  to   space 6144K, 0% used [0x00000000ef100000,0x00000000ef100000,0x00000000ef700000)
 ParOldGen       total 44032K, used 9818K [0x00000000c0000000, 0x00000000c2b00000, 0x00000000eab00000)
  object space 44032K, 22% used [0x00000000c0000000,0x00000000c0996980,0x00000000c2b00000)
 Metaspace       used 20719K, capacity 21214K, committed 21296K, reserved 1067008K
  class space    used 2768K, capacity 2922K, committed 2944K, reserved 1048576K
Event: 5.749 GC heap after
Heap after GC invocations=8 (full 1):
 PSYoungGen      total 38912K, used 0K [0x00000000eab00000, 0x00000000ef700000, 0x0000000100000000)
  eden space 32768K, 0% used [0x00000000eab00000,0x00000000eab00000,0x00000000ecb00000)
  from space 6144K, 0% used [0x00000000ecb00000,0x00000000ecb00000,0x00000000ed100000)
  to   space 6144K, 0% used [0x00000000ef100000,0x00000000ef100000,0x00000000ef700000)
 ParOldGen       total 36864K, used 9851K [0x00000000c0000000, 0x00000000c2400000, 0x00000000eab00000)
  object space 36864K, 26% used [0x00000000c0000000,0x00000000c099eda0,0x00000000c2400000)
 Metaspace       used 20719K, capacity 21214K, committed 21296K, reserved 1067008K
  class space    used 2768K, capacity 2922K, committed 2944K, reserved 1048576K
}
Event: 6.168 GC heap before
{Heap before GC invocations=9 (full 1):
 PSYoungGen      total 38912K, used 32768K [0x00000000eab00000, 0x00000000ef700000, 0x0000000100000000)
  eden space 32768K, 100% used [0x00000000eab00000,0x00000000ecb00000,0x00000000ecb00000)
  from space 6144K, 0% used [0x00000000ecb00000,0x00000000ecb00000,0x00000000ed100000)
  to   space 6144K, 0% used [0x00000000ef100000,0x00000000ef100000,0x00000000ef700000)
 ParOldGen       total 36864K, used 9851K [0x00000000c0000000, 0x00000000c2400000, 0x00000000eab00000)
  object space 36864K, 26% used [0x00000000c0000000,0x00000000c099eda0,0x00000000c2400000)
 Metaspace       used 22293K, capacity 22852K, committed 23168K, reserved 1069056K
  class space    used 2943K, capacity 3147K, committed 3200K, reserved 1048576K
Event: 6.171 GC heap after
Heap after GC invocations=9 (full 1):
 PSYoungGen      total 52736K, used 1893K [0x00000000eab00000, 0x00000000ef300000, 0x0000000100000000)
  eden space 50688K, 0% used [0x00000000eab00000,0x00000000eab00000,0x00000000edc80000)
  from space 2048K, 92% used [0x00000000ef100000,0x00000000ef2d9510,0x00000000ef300000)
  to   space 6656K, 0% used [0x00000000ee600000,0x00000000ee600000,0x00000000eec80000)
 ParOldGen       total 36864K, used 9859K [0x00000000c0000000, 0x00000000c2400000, 0x00000000eab00000)
  object space 36864K, 26% used [0x00000000c0000000,0x00000000c09a0da0,0x00000000c2400000)
 Metaspace       used 22293K, capacity 22852K, committed 23168K, reserved 1069056K
  class space    used 2943K, capacity 3147K, committed 3200K, reserved 1048576K
}
Event: 6.387 GC heap before
{Heap before GC invocations=10 (full 1):
 PSYoungGen      total 52736K, used 52581K [0x00000000eab00000, 0x00000000ef300000, 0x0000000100000000)
  eden space 50688K, 100% used [0x00000000eab00000,0x00000000edc80000,0x00000000edc80000)
  from space 2048K, 92% used [0x00000000ef100000,0x00000000ef2d9510,0x00000000ef300000)
  to   space 6656K, 0% used [0x00000000ee600000,0x00000000ee600000,0x00000000eec80000)
 ParOldGen       total 36864K, used 9859K [0x00000000c0000000, 0x00000000c2400000, 0x00000000eab00000)
  object space 36864K, 26% used [0x00000000c0000000,0x00000000c09a0da0,0x00000000c2400000)
 Metaspace       used 22328K, capacity 22852K, committed 23168K, reserved 1069056K
  class space    used 2943K, capacity 3147K, committed 3200K, reserved 1048576K
Event: 6.392 GC heap after
Heap after GC invocations=10 (full 1):
 PSYoungGen      total 67072K, used 1192K [0x00000000eab00000, 0x00000000efb00000, 0x0000000100000000)
  eden space 60416K, 0% used [0x00000000eab00000,0x00000000eab00000,0x00000000ee600000)
  from space 6656K, 17% used [0x00000000ee600000,0x00000000ee72a100,0x00000000eec80000)
  to   space 6656K, 0% used [0x00000000ef480000,0x00000000ef480000,0x00000000efb00000)
 ParOldGen       total 36864K, used 9867K [0x00000000c0000000, 0x00000000c2400000, 0x00000000eab00000)
  object space 36864K, 26% used [0x00000000c0000000,0x00000000c09a2da0,0x00000000c2400000)
 Metaspace       used 22328K, capacity 22852K, committed 23168K, reserved 1069056K
  class space    used 2943K, capacity 3147K, committed 3200K, reserved 1048576K
}
Event: 6.712 GC heap before
{Heap before GC invocations=11 (full 1):
 PSYoungGen      total 67072K, used 61608K [0x00000000eab00000, 0x00000000efb00000, 0x0000000100000000)
  eden space 60416K, 100% used [0x00000000eab00000,0x00000000ee600000,0x00000000ee600000)
  from space 6656K, 17% used [0x00000000ee600000,0x00000000ee72a100,0x00000000eec80000)
  to   space 6656K, 0% used [0x00000000ef480000,0x00000000ef480000,0x00000000efb00000)
 ParOldGen       total 36864K, used 9867K [0x00000000c0000000, 0x00000000c2400000, 0x00000000eab00000)
  object space 36864K, 26% used [0x00000000c0000000,0x00000000c09a2da0,0x00000000c2400000)
 Metaspace       used 22329K, capacity 22852K, committed 23168K, reserved 1069056K
  class space    used 2943K, capacity 3147K, committed 3200K, reserved 1048576K
Event: 6.717 GC heap after
Heap after GC invocations=11 (full 1):
 PSYoungGen      total 74752K, used 560K [0x00000000eab00000, 0x00000000f0880000, 0x0000000100000000)
  eden space 68096K, 0% used [0x00000000eab00000,0x00000000eab00000,0x00000000eed80000)
  from space 6656K, 8% used [0x00000000ef480000,0x00000000ef50c010,0x00000000efb00000)
  to   space 7168K, 0% used [0x00000000eed80000,0x00000000eed80000,0x00000000ef480000)
 ParOldGen       total 36864K, used 10715K [0x00000000c0000000, 0x00000000c2400000, 0x00000000eab00000)
  object space 36864K, 29% used [0x00000000c0000000,0x00000000c0a76ef0,0x00000000c2400000)
 Metaspace       used 22329K, capacity 22852K, committed 23168K, reserved 1069056K
  class space    used 2943K, capacity 3147K, committed 3200K, reserved 1048576K
}

